# JRE version: OpenJDK Runtime Environment (14.0.1+7) (build 14.0.1+7)
# Java VM: OpenJDK 64-Bit Server VM (14.0.1+7, mixed mode, sharing, tiered, compressed oops, g1 gc, windows-amd64)
Heap:
 garbage-first heap   total 131072K, used 66063K [0x0000000081800000, 0x0000000100000000)
  region size 1024K, 62 young (63488K), 4 survivors (4096K)
 Metaspace       used 12274K, capacity 13752K, committed 13952K, reserved 1060864K
  class space    used 1615K, capacity 1875K, committed 1920K, reserved 1048576K
GC Heap History (6 events):
Event: 0.914 GC heap before
{Heap before GC invocations=0 (full 0):
 garbage-first heap   total 131072K, used 13312K [0x0000000081800000, 0x0000000100000000)
  region size 1024K, 13 young (13312K), 0 survivors (0K)
 Metaspace       used 3996K, capacity 6682K, committed 6912K, reserved 1056768K
  class space    used 396K, capacity 678K, committed 768K, reserved 1048576K
}
Event: 0.917 GC heap after
{Heap after GC invocations=1 (full 0):
 garbage-first heap   total 131072K, used 2583K [0x0000000081800000, 0x0000000100000000)
  region size 1024K, 2 young (2048K), 2 survivors (2048K)
 Metaspace       used 3996K, capacity 6682K, committed 6912K, reserved 1056768K
  class space    used 396K, capacity 678K, committed 768K, reserved 1048576K
}
Event: 1.417 GC heap before
{Heap before GC invocations=1 (full 0):
 garbage-first heap   total 131072K, used 17943K [0x0000000081800000, 0x0000000100000000)
  region size 1024K, 18 young (18432K), 2 survivors (2048K)
 Metaspace       used 8563K, capacity 10755K, committed 11008K, reserved 1058816K
  class space    used 1139K, capacity 1423K, committed 1536K, reserved 1048576K
}
Event: 1.422 GC heap after
{Heap after GC invocations=2 (full 0):
 garbage-first heap   total 131072K, used 5364K [0x0000000081800000, 0x0000000100000000)
  region size 1024K, 3 young (3072K), 3 survivors (3072K)
 Metaspace       used 8563K, capacity 10755K, committed 11008K, reserved 1058816K
  class space    used 1139K, capacity 1423K, committed 1536K, reserved 1048576K
}
Event: 5.612 GC heap before
{Heap before GC invocations=2 (full 0):
 garbage-first heap   total 131072K, used 81140K [0x0000000081800000, 0x0000000100000000)
  region size 1024K, 76 young (77824K), 3 survivors (3072K)
 Metaspace       used 12083K, capacity 13623K, committed 13696K, reserved 1060864K
  class space    used 1614K, capacity 1875K, committed 1920K, reserved 1048576K
}
Event: 5.617 GC heap after
{Heap after GC invocations=3 (full 0):
 garbage-first heap   total 131072K, used 8719K [0x0000000081800000, 0x0000000100000000)
  region size 1024K, 4 young (4096K), 4 survivors (4096K)
 Metaspace       used 12083K, capacity 13623K, committed 13696K, reserved 1060864K
  class space    used 1614K, capacity 1875K, committed 1920K, reserved 1048576K
}

